Drill report for C:\Users\ryory\OneDrive\ドキュメント\KaijariSuigyo2_ver3\KaijariSuigyo2.kicad_pcb
Created on 2018/06/25 22:31:23

Copper Layer Stackup:
    =============================================================
    L1 :  F.Cu                      front
    L2 :  B.Cu                      back


Drill file 'C:KaijariSuigyo2.drl' contains
    plated through holes:
    =============================================================
    T1  0.40mm  0.016"  (121 holes)
    T2  0.60mm  0.024"  (6 holes)
    T3  0.70mm  0.028"  (11 holes)
    T4  0.76mm  0.030"  (70 holes)
    T5  0.80mm  0.031"  (24 holes)
    T6  1.00mm  0.039"  (32 holes)

    Total plated holes count 264


Drill file 'C:KaijariSuigyo2-NPTH.drl' contains
    unplated through holes:
    =============================================================
    T1  1.10mm  0.043"  (4 holes)
    T2  2.00mm  0.079"  (6 holes)

    Total unplated holes count 10
